<?xml version="1.0" encoding="UTF-8"?>
<testng-results skipped="0" failed="0" total="2" passed="2">
  <reporter-output>
  </reporter-output>
  <suite name="Suite" duration-ms="2546" started-at="2016-10-26T12:47:32Z" finished-at="2016-10-26T12:47:35Z">
    <groups>
    </groups>
    <test name="Test" duration-ms="2546" started-at="2016-10-26T12:47:32Z" finished-at="2016-10-26T12:47:35Z">
      <class name="ru.katarsis.lyra.service.TestKmeansService">
        <test-method status="PASS" signature="setupData()[pri:0, instance:ru.katarsis.lyra.service.TestKmeansService@1bb07ed]" name="setupData" is-config="true" duration-ms="18" started-at="2016-10-26T15:47:32Z" finished-at="2016-10-26T15:47:32Z">
          <reporter-output>
          </reporter-output>
        </test-method> <!-- setupData -->
        <test-method status="PASS" signature="springTestContextBeforeTestClass()[pri:0, instance:ru.katarsis.lyra.service.TestKmeansService@1bb07ed]" name="springTestContextBeforeTestClass" is-config="true" duration-ms="0" started-at="2016-10-26T15:47:35Z" finished-at="2016-10-26T15:47:35Z">
          <reporter-output>
          </reporter-output>
        </test-method> <!-- springTestContextBeforeTestClass -->
        <test-method status="PASS" signature="springTestContextPrepareTestInstance()[pri:0, instance:ru.katarsis.lyra.service.TestKmeansService@1bb07ed]" name="springTestContextPrepareTestInstance" is-config="true" duration-ms="5" started-at="2016-10-26T15:47:35Z" depends-on-methods="org.springframework.test.context.testng.AbstractTestNGSpringContextTests.springTestContextBeforeTestClass" finished-at="2016-10-26T15:47:35Z">
          <reporter-output>
          </reporter-output>
        </test-method> <!-- springTestContextPrepareTestInstance -->
        <test-method status="PASS" signature="testKmeanClassification()[pri:0, instance:ru.katarsis.lyra.service.TestKmeansService@1bb07ed]" name="testKmeanClassification" duration-ms="10" started-at="2016-10-26T15:47:35Z" finished-at="2016-10-26T15:47:35Z">
          <reporter-output>
          </reporter-output>
        </test-method> <!-- testKmeanClassification -->
        <test-method status="PASS" signature="springTestContextBeforeTestMethod(java.lang.reflect.Method)[pri:0, instance:ru.katarsis.lyra.service.TestKmeansService@1bb07ed]" name="springTestContextBeforeTestMethod" is-config="true" duration-ms="0" started-at="2016-10-26T15:47:35Z" finished-at="2016-10-26T15:47:35Z">
          <params>
            <param index="0">
              <value>
                <![CDATA[void ru.katarsis.lyra.service.TestKmeansService.testKmeanClassification()]]>
              </value>
            </param>
          </params>
          <reporter-output>
          </reporter-output>
        </test-method> <!-- springTestContextBeforeTestMethod -->
        <test-method status="PASS" signature="springTestContextAfterTestMethod(java.lang.reflect.Method)[pri:0, instance:ru.katarsis.lyra.service.TestKmeansService@1bb07ed]" name="springTestContextAfterTestMethod" is-config="true" duration-ms="1" started-at="2016-10-26T15:47:35Z" finished-at="2016-10-26T15:47:35Z">
          <params>
            <param index="0">
              <value>
                <![CDATA[void ru.katarsis.lyra.service.TestKmeansService.testKmeanClassification()]]>
              </value>
            </param>
          </params>
          <reporter-output>
          </reporter-output>
        </test-method> <!-- springTestContextAfterTestMethod -->
        <test-method status="PASS" signature="springTestContextAfterTestClass()[pri:0, instance:ru.katarsis.lyra.service.TestKmeansService@1bb07ed]" name="springTestContextAfterTestClass" is-config="true" duration-ms="0" started-at="2016-10-26T15:47:35Z" finished-at="2016-10-26T15:47:35Z">
          <reporter-output>
          </reporter-output>
        </test-method> <!-- springTestContextAfterTestClass -->
      </class> <!-- ru.katarsis.lyra.service.TestKmeansService -->
      <class name="ru.katarsis.lyra.service.TestDesicionTreeService">
        <test-method status="PASS" signature="springTestContextPrepareTestInstance()[pri:0, instance:ru.katarsis.lyra.service.TestDesicionTreeService@28ffa4]" name="springTestContextPrepareTestInstance" is-config="true" duration-ms="2487" started-at="2016-10-26T15:47:32Z" depends-on-methods="org.springframework.test.context.testng.AbstractTestNGSpringContextTests.springTestContextBeforeTestClass" finished-at="2016-10-26T15:47:35Z">
          <reporter-output>
          </reporter-output>
        </test-method> <!-- springTestContextPrepareTestInstance -->
        <test-method status="PASS" signature="springTestContextBeforeTestClass()[pri:0, instance:ru.katarsis.lyra.service.TestDesicionTreeService@28ffa4]" name="springTestContextBeforeTestClass" is-config="true" duration-ms="0" started-at="2016-10-26T15:47:32Z" finished-at="2016-10-26T15:47:32Z">
          <reporter-output>
          </reporter-output>
        </test-method> <!-- springTestContextBeforeTestClass -->
        <test-method status="PASS" signature="setUpTest()[pri:0, instance:ru.katarsis.lyra.service.TestDesicionTreeService@28ffa4]" name="setUpTest" is-config="true" duration-ms="0" started-at="2016-10-26T15:47:35Z" finished-at="2016-10-26T15:47:35Z">
          <reporter-output>
          </reporter-output>
        </test-method> <!-- setUpTest -->
        <test-method status="PASS" signature="springTestContextBeforeTestMethod(java.lang.reflect.Method)[pri:0, instance:ru.katarsis.lyra.service.TestDesicionTreeService@28ffa4]" name="springTestContextBeforeTestMethod" is-config="true" duration-ms="0" started-at="2016-10-26T15:47:35Z" finished-at="2016-10-26T15:47:35Z">
          <params>
            <param index="0">
              <value>
                <![CDATA[void ru.katarsis.lyra.service.TestDesicionTreeService.testDecisionGenerator()]]>
              </value>
            </param>
          </params>
          <reporter-output>
          </reporter-output>
        </test-method> <!-- springTestContextBeforeTestMethod -->
        <test-method status="PASS" signature="testDecisionGenerator()[pri:0, instance:ru.katarsis.lyra.service.TestDesicionTreeService@28ffa4]" name="testDecisionGenerator" duration-ms="14" started-at="2016-10-26T15:47:35Z" finished-at="2016-10-26T15:47:35Z">
          <reporter-output>
          </reporter-output>
        </test-method> <!-- testDecisionGenerator -->
        <test-method status="PASS" signature="springTestContextAfterTestMethod(java.lang.reflect.Method)[pri:0, instance:ru.katarsis.lyra.service.TestDesicionTreeService@28ffa4]" name="springTestContextAfterTestMethod" is-config="true" duration-ms="1" started-at="2016-10-26T15:47:35Z" finished-at="2016-10-26T15:47:35Z">
          <params>
            <param index="0">
              <value>
                <![CDATA[void ru.katarsis.lyra.service.TestDesicionTreeService.testDecisionGenerator()]]>
              </value>
            </param>
          </params>
          <reporter-output>
          </reporter-output>
        </test-method> <!-- springTestContextAfterTestMethod -->
        <test-method status="PASS" signature="springTestContextAfterTestClass()[pri:0, instance:ru.katarsis.lyra.service.TestDesicionTreeService@28ffa4]" name="springTestContextAfterTestClass" is-config="true" duration-ms="0" started-at="2016-10-26T15:47:35Z" finished-at="2016-10-26T15:47:35Z">
          <reporter-output>
          </reporter-output>
        </test-method> <!-- springTestContextAfterTestClass -->
      </class> <!-- ru.katarsis.lyra.service.TestDesicionTreeService -->
    </test> <!-- Test -->
  </suite> <!-- Suite -->
</testng-results>
