<?xml version="1.0" encoding="UTF-8"?>
<testng-results skipped="0" failed="0" total="1" passed="1">
  <reporter-output>
  </reporter-output>
  <suite name="Suite" duration-ms="2361" started-at="2016-07-15T11:38:12Z" finished-at="2016-07-15T11:38:15Z">
    <groups>
    </groups>
    <test name="Test" duration-ms="2361" started-at="2016-07-15T11:38:12Z" finished-at="2016-07-15T11:38:15Z">
      <class name="ru.katarsis.lyra.service.TestDesicionTreeService">
        <test-method status="PASS" signature="springTestContextBeforeTestClass()[pri:0, instance:ru.katarsis.lyra.service.TestDesicionTreeService@17942a1]" name="springTestContextBeforeTestClass" is-config="true" duration-ms="10" started-at="2016-07-15T14:38:12Z" finished-at="2016-07-15T14:38:12Z">
          <reporter-output>
          </reporter-output>
        </test-method> <!-- springTestContextBeforeTestClass -->
        <test-method status="PASS" signature="springTestContextPrepareTestInstance()[pri:0, instance:ru.katarsis.lyra.service.TestDesicionTreeService@17942a1]" name="springTestContextPrepareTestInstance" is-config="true" duration-ms="2331" started-at="2016-07-15T14:38:12Z" depends-on-methods="org.springframework.test.context.testng.AbstractTestNGSpringContextTests.springTestContextBeforeTestClass" finished-at="2016-07-15T14:38:15Z">
          <reporter-output>
          </reporter-output>
        </test-method> <!-- springTestContextPrepareTestInstance -->
        <test-method status="PASS" signature="springTestContextBeforeTestMethod(java.lang.reflect.Method)[pri:0, instance:ru.katarsis.lyra.service.TestDesicionTreeService@17942a1]" name="springTestContextBeforeTestMethod" is-config="true" duration-ms="0" started-at="2016-07-15T14:38:15Z" finished-at="2016-07-15T14:38:15Z">
          <params>
            <param index="0">
              <value>
                <![CDATA[void ru.katarsis.lyra.service.TestDesicionTreeService.testEmailGenerator()]]>
              </value>
            </param>
          </params>
          <reporter-output>
          </reporter-output>
        </test-method> <!-- springTestContextBeforeTestMethod -->
        <test-method status="PASS" signature="setUpTest()[pri:0, instance:ru.katarsis.lyra.service.TestDesicionTreeService@17942a1]" name="setUpTest" is-config="true" duration-ms="0" started-at="2016-07-15T14:38:15Z" finished-at="2016-07-15T14:38:15Z">
          <reporter-output>
          </reporter-output>
        </test-method> <!-- setUpTest -->
        <test-method status="PASS" signature="testEmailGenerator()[pri:0, instance:ru.katarsis.lyra.service.TestDesicionTreeService@17942a1]" name="testEmailGenerator" duration-ms="10" started-at="2016-07-15T14:38:15Z" finished-at="2016-07-15T14:38:15Z">
          <reporter-output>
          </reporter-output>
        </test-method> <!-- testEmailGenerator -->
        <test-method status="PASS" signature="springTestContextAfterTestMethod(java.lang.reflect.Method)[pri:0, instance:ru.katarsis.lyra.service.TestDesicionTreeService@17942a1]" name="springTestContextAfterTestMethod" is-config="true" duration-ms="10" started-at="2016-07-15T14:38:15Z" finished-at="2016-07-15T14:38:15Z">
          <params>
            <param index="0">
              <value>
                <![CDATA[void ru.katarsis.lyra.service.TestDesicionTreeService.testEmailGenerator()]]>
              </value>
            </param>
          </params>
          <reporter-output>
          </reporter-output>
        </test-method> <!-- springTestContextAfterTestMethod -->
        <test-method status="PASS" signature="springTestContextAfterTestClass()[pri:0, instance:ru.katarsis.lyra.service.TestDesicionTreeService@17942a1]" name="springTestContextAfterTestClass" is-config="true" duration-ms="0" started-at="2016-07-15T14:38:15Z" finished-at="2016-07-15T14:38:15Z">
          <reporter-output>
          </reporter-output>
        </test-method> <!-- springTestContextAfterTestClass -->
      </class> <!-- ru.katarsis.lyra.service.TestDesicionTreeService -->
    </test> <!-- Test -->
  </suite> <!-- Suite -->
</testng-results>
